10:24:08 **** Incremental Build of configuration Nios II for project camera ****
make all 
Makefile:234: *** BSP directory does not exist: /home/vm/Documents/lab_4_project_template/sw/nios/camera_bsp/.  Stop.
10:25:06 **** Incremental Build of configuration Nios II for project camera ****
make all 
Info: Building /home/vm/Desktop/shared/lab_4_project_final_CAM/sw/nios/camera_bsp/
make --no-print-directory -C /home/vm/Desktop/shared/lab_4_project_final_CAM/sw/nios/camera_bsp/
[BSP build complete]
Info: Compiling hello_world.c to obj/default/hello_world.o
nios2-elf-gcc -xc -MP -MMD -c -I/home/vm/Desktop/shared/lab_4_project_final_CAM/sw/nios/camera_bsp//HAL/inc -I/home/vm/Desktop/shared/lab_4_project_final_CAM/sw/nios/camera_bsp/ -I/home/vm/Desktop/shared/lab_4_project_final_CAM/sw/nios/camera_bsp//drivers/inc  -pipe -D__hal__ -DALT_NO_INSTRUCTION_EMULATION -DALT_SINGLE_THREADED    -O0 -g -Wall   -mno-hw-div -mhw-mul -mno-hw-mulx -mgpopt=global  -o obj/default/hello_world.o hello_world.c
hello_world.c: In function 'main':
hello_world.c:40:16: warning: implicit declaration of function 'main_i2c' [-Wimplicit-function-declaration]
  i2c_reponse = main_i2c();
                ^
hello_world.c:76:9: warning: unknown escape sequence: '\s'
  printf("\send write frame 1\n");
         ^
hello_world.c:38:7: warning: variable 'i2c_reponse' set but not used [-Wunused-but-set-variable]
  bool i2c_reponse = false;
       ^
hello_world.c:23:11: warning: variable 'color32' set but not used [-Wunused-but-set-variable]
  uint32_t color32;
           ^
hello_world.c:22:11: warning: unused variable 'color16' [-Wunused-variable]
  uint16_t color16 =0;
           ^
hello_world.c:21:10: warning: variable 'error' set but not used [-Wunused-but-set-variable]
  uint8_t error;
          ^
Info: Compiling i2c/i2c.c to obj/default/i2c/i2c.o
nios2-elf-gcc -xc -MP -MMD -c -I/home/vm/Desktop/shared/lab_4_project_final_CAM/sw/nios/camera_bsp//HAL/inc -I/home/vm/Desktop/shared/lab_4_project_final_CAM/sw/nios/camera_bsp/ -I/home/vm/Desktop/shared/lab_4_project_final_CAM/sw/nios/camera_bsp//drivers/inc  -pipe -D__hal__ -DALT_NO_INSTRUCTION_EMULATION -DALT_SINGLE_THREADED    -O0 -g -Wall   -mno-hw-div -mhw-mul -mno-hw-mulx -mgpopt=global  -o obj/default/i2c/i2c.o i2c/i2c.c
Info: Linking camera.elf
nios2-elf-g++  -T'/home/vm/Desktop/shared/lab_4_project_final_CAM/sw/nios/camera_bsp//linker.x' -msys-crt0='/home/vm/Desktop/shared/lab_4_project_final_CAM/sw/nios/camera_bsp//obj/HAL/src/crt0.o' -msys-lib=hal_bsp -L/home/vm/Desktop/shared/lab_4_project_final_CAM/sw/nios/camera_bsp/   -Wl,-Map=camera.map   -O0 -g -Wall   -mno-hw-div -mhw-mul -mno-hw-mulx -mgpopt=global  -o camera.elf obj/default/demo_i2c.o obj/default/hello_world.o obj/default/i2c/i2c.o -lm -msys-lib=m
nios2-elf-insert camera.elf --thread_model hal --cpu_name nios2_gen2_0 --qsys true --simulation_enabled false --stderr_dev jtag_uart_0 --stdin_dev jtag_uart_0 --stdout_dev jtag_uart_0 --sopc_system_name soc_system --quartus_project_dir "/home/vm/Desktop/shared/lab_4_project_final_CAM/hw/quartus" --jdi /home/vm/Desktop/shared/lab_4_project_final_CAM/hw/quartus//output_files/ES_mini_project_TRDB_D5M_LT24.jdi --sopcinfo /home/vm/Desktop/shared/lab_4_project_final_CAM/hw/quartus/soc_system.sopcinfo
Info: (camera.elf) 76 KBytes program size (code + initialized data).
Info:              44 KBytes free for stack + heap.
Info: Creating camera.objdump
nios2-elf-objdump --disassemble --syms --all-header --source camera.elf >camera.objdump
[camera build complete]
10:25:08 **** Incremental Build of configuration Nios II for project camera_bsp ****
make all 
[BSP build complete]
10:26:17 **** Incremental Build of configuration Nios II for project camera ****
make all 
Info: Building /home/vm/Desktop/shared/lab_4_project_final_CAM/sw/nios/camera_bsp/
make --no-print-directory -C /home/vm/Desktop/shared/lab_4_project_final_CAM/sw/nios/camera_bsp/
[BSP build complete]
Info: Compiling hello_world.c to obj/default/hello_world.o
nios2-elf-gcc -xc -MP -MMD -c -I/home/vm/Desktop/shared/lab_4_project_final_CAM/sw/nios/camera_bsp//HAL/inc -I/home/vm/Desktop/shared/lab_4_project_final_CAM/sw/nios/camera_bsp/ -I/home/vm/Desktop/shared/lab_4_project_final_CAM/sw/nios/camera_bsp//drivers/inc  -pipe -D__hal__ -DALT_NO_INSTRUCTION_EMULATION -DALT_SINGLE_THREADED    -O0 -g -Wall   -mno-hw-div -mhw-mul -mno-hw-mulx -mgpopt=global  -o obj/default/hello_world.o hello_world.c
hello_world.c: In function 'main':
hello_world.c:39:16: warning: implicit declaration of function 'main_i2c' [-Wimplicit-function-declaration]
  i2c_reponse = main_i2c();
                ^
hello_world.c:75:9: warning: unknown escape sequence: '\s'
  printf("\send write frame 1\n");
         ^
hello_world.c:37:7: warning: variable 'i2c_reponse' set but not used [-Wunused-but-set-variable]
  bool i2c_reponse = false;
       ^
hello_world.c:22:11: warning: variable 'color32' set but not used [-Wunused-but-set-variable]
  uint32_t color32;
           ^
hello_world.c:21:11: warning: unused variable 'color16' [-Wunused-variable]
  uint16_t color16 =0;
           ^
hello_world.c:20:10: warning: variable 'error' set but not used [-Wunused-but-set-variable]
  uint8_t error;
          ^
Info: Linking camera.elf
nios2-elf-g++  -T'/home/vm/Desktop/shared/lab_4_project_final_CAM/sw/nios/camera_bsp//linker.x' -msys-crt0='/home/vm/Desktop/shared/lab_4_project_final_CAM/sw/nios/camera_bsp//obj/HAL/src/crt0.o' -msys-lib=hal_bsp -L/home/vm/Desktop/shared/lab_4_project_final_CAM/sw/nios/camera_bsp/   -Wl,-Map=camera.map   -O0 -g -Wall   -mno-hw-div -mhw-mul -mno-hw-mulx -mgpopt=global  -o camera.elf obj/default/demo_i2c.o obj/default/hello_world.o obj/default/i2c/i2c.o -lm -msys-lib=m
nios2-elf-insert camera.elf --thread_model hal --cpu_name nios2_gen2_0 --qsys true --simulation_enabled false --stderr_dev jtag_uart_0 --stdin_dev jtag_uart_0 --stdout_dev jtag_uart_0 --sopc_system_name soc_system --quartus_project_dir "/home/vm/Desktop/shared/lab_4_project_final_CAM/hw/quartus" --jdi /home/vm/Desktop/shared/lab_4_project_final_CAM/hw/quartus//output_files/ES_mini_project_TRDB_D5M_LT24.jdi --sopcinfo /home/vm/Desktop/shared/lab_4_project_final_CAM/hw/quartus/soc_system.sopcinfo
Info: (camera.elf) 76 KBytes program size (code + initialized data).
Info:              44 KBytes free for stack + heap.
Info: Creating camera.objdump
nios2-elf-objdump --disassemble --syms --all-header --source camera.elf >camera.objdump
[camera build complete]
10:26:20 **** Incremental Build of configuration Nios II for project camera_bsp ****
make all 
[BSP build complete]
10:27:19 **** Incremental Build of configuration Nios II for project camera ****
make all 
Info: Building /home/vm/Desktop/shared/lab_4_project_final_CAM/sw/nios/camera_bsp/
make --no-print-directory -C /home/vm/Desktop/shared/lab_4_project_final_CAM/sw/nios/camera_bsp/
[BSP build complete]
[camera build complete]
10:32:20 **** Incremental Build of configuration Nios II for project camera ****
make all 
Info: Building /home/vm/Desktop/shared/lab_4_project_final_CAM/sw/nios/camera_bsp/
make --no-print-directory -C /home/vm/Desktop/shared/lab_4_project_final_CAM/sw/nios/camera_bsp/
[BSP build complete]
[camera build complete]
10:40:20 **** Incremental Build of configuration Nios II for project camera ****
make all 
Info: Building /home/vm/Desktop/shared/lab_4_project_final_CAM/sw/nios/camera_bsp/
make --no-print-directory -C /home/vm/Desktop/shared/lab_4_project_final_CAM/sw/nios/camera_bsp/
[BSP build complete]
[camera build complete]
10:47:42 **** Incremental Build of configuration Nios II for project camera ****
make all 
Info: Building /home/vm/Desktop/shared/lab_4_project_final_CAM/sw/nios/camera_bsp/
make --no-print-directory -C /home/vm/Desktop/shared/lab_4_project_final_CAM/sw/nios/camera_bsp/
[BSP build complete]
[camera build complete]
10:51:19 **** Incremental Build of configuration Nios II for project camera ****
make all 
Info: Building /home/vm/Desktop/shared/lab_4_project_final_CAM/sw/nios/camera_bsp/
make --no-print-directory -C /home/vm/Desktop/shared/lab_4_project_final_CAM/sw/nios/camera_bsp/
[BSP build complete]
[camera build complete]
10:54:58 **** Incremental Build of configuration Nios II for project camera ****
make all 
Info: Building /home/vm/Desktop/shared/lab_4_project_final_CAM/sw/nios/camera_bsp/
make --no-print-directory -C /home/vm/Desktop/shared/lab_4_project_final_CAM/sw/nios/camera_bsp/
[BSP build complete]
[camera build complete]
10:59:39 **** Incremental Build of configuration Nios II for project camera ****
make all 
Info: Building /home/vm/Desktop/shared/lab_4_project_final_CAM/sw/nios/camera_bsp/
make --no-print-directory -C /home/vm/Desktop/shared/lab_4_project_final_CAM/sw/nios/camera_bsp/
[BSP build complete]
[camera build complete]
11:03:45 **** Incremental Build of configuration Nios II for project camera ****
make all 
Info: Building /home/vm/Desktop/shared/lab_4_project_final_CAM/sw/nios/camera_bsp/
make --no-print-directory -C /home/vm/Desktop/shared/lab_4_project_final_CAM/sw/nios/camera_bsp/
[BSP build complete]
[camera build complete]
11:34:17 **** Build of configuration Nios II for project lab_4_miniproject ****
make all 
Info: Building /home/vm/Desktop/shared/lab4_project_LCD_CAM/sw/nios/lab_4_miniproject_bsp/
make --no-print-directory -C /home/vm/Desktop/shared/lab4_project_LCD_CAM/sw/nios/lab_4_miniproject_bsp/
[BSP build complete]
[lab_4_miniproject build complete]
11:34:18 **** Build of configuration Nios II for project lab_4_miniproject_bsp ****
make all 
[BSP build complete]
11:34:29 **** Incremental Build of configuration Nios II for project lab_4_miniproject ****
make all 
Info: Building /home/vm/Desktop/shared/lab4_project_LCD_CAM/sw/nios/lab_4_miniproject_bsp/
make --no-print-directory -C /home/vm/Desktop/shared/lab4_project_LCD_CAM/sw/nios/lab_4_miniproject_bsp/
[BSP build complete]
Info: Compiling hello_world.c to obj/default/hello_world.o
nios2-elf-gcc -xc -MP -MMD -c -I/home/vm/Desktop/shared/lab4_project_LCD_CAM/sw/nios/lab_4_miniproject_bsp//HAL/inc -I/home/vm/Desktop/shared/lab4_project_LCD_CAM/sw/nios/lab_4_miniproject_bsp/ -I/home/vm/Desktop/shared/lab4_project_LCD_CAM/sw/nios/lab_4_miniproject_bsp//drivers/inc  -pipe -D__hal__ -DALT_NO_INSTRUCTION_EMULATION -DALT_SINGLE_THREADED    -O0 -g -Wall   -mno-hw-div -mhw-mul -mno-hw-mulx -mgpopt=global  -o obj/default/hello_world.o hello_world.c
hello_world.c: In function 'CAM_init':
hello_world.c:114:16: warning: implicit declaration of function 'main_i2c' [-Wimplicit-function-declaration]
  i2c_reponse = main_i2c();
                ^
Info: Linking lab_4_miniproject.elf
nios2-elf-g++  -T'/home/vm/Desktop/shared/lab4_project_LCD_CAM/sw/nios/lab_4_miniproject_bsp//linker.x' -msys-crt0='/home/vm/Desktop/shared/lab4_project_LCD_CAM/sw/nios/lab_4_miniproject_bsp//obj/HAL/src/crt0.o' -msys-lib=hal_bsp -L/home/vm/Desktop/shared/lab4_project_LCD_CAM/sw/nios/lab_4_miniproject_bsp/   -Wl,-Map=lab_4_miniproject.map   -O0 -g -Wall   -mno-hw-div -mhw-mul -mno-hw-mulx -mgpopt=global  -o lab_4_miniproject.elf obj/default/demo_i2c.o obj/default/hello_world.o obj/default/i2c/i2c.o -lm -msys-lib=m
nios2-elf-insert lab_4_miniproject.elf --thread_model hal --cpu_name nios2_gen2_0 --qsys true --simulation_enabled false --stderr_dev jtag_uart_0 --stdin_dev jtag_uart_0 --stdout_dev jtag_uart_0 --sopc_system_name soc_system --quartus_project_dir "/home/vm/Desktop/shared/lab4_project_LCD_CAM/hw/quartus" --jdi /home/vm/Desktop/shared/lab4_project_LCD_CAM/hw/quartus//output_files/ES_mini_project_TRDB_D5M_LT24.jdi --sopcinfo /home/vm/Desktop/shared/lab4_project_LCD_CAM/hw/quartus/soc_system.sopcinfo
Info: (lab_4_miniproject.elf) 75 KBytes program size (code + initialized data).
Info:                         46 KBytes free for stack + heap.
Info: Creating lab_4_miniproject.objdump
nios2-elf-objdump --disassemble --syms --all-header --source lab_4_miniproject.elf >lab_4_miniproject.objdump
[lab_4_miniproject build complete]
11:34:32 **** Incremental Build of configuration Nios II for project lab_4_miniproject_bsp ****
make all 
[BSP build complete]
11:36:03 **** Incremental Build of configuration Nios II for project lab_4_miniproject ****
make all 
Info: Building /home/vm/Desktop/shared/lab4_project_LCD_CAM/sw/nios/lab_4_miniproject_bsp/
make --no-print-directory -C /home/vm/Desktop/shared/lab4_project_LCD_CAM/sw/nios/lab_4_miniproject_bsp/
[BSP build complete]
[lab_4_miniproject build complete]
13:07:58 **** Incremental Build of configuration Nios II for project lab_4_miniproject ****
make all 
Info: Building /home/vm/Desktop/shared/lab4_project_LCD_CAM/sw/nios/lab_4_miniproject_bsp/
make --no-print-directory -C /home/vm/Desktop/shared/lab4_project_LCD_CAM/sw/nios/lab_4_miniproject_bsp/
[BSP build complete]
[lab_4_miniproject build complete]
