Flow report for fpga_intro
Sun Nov  8 19:32:36 2020
Quartus Prime Version 18.1.0 Build 625 09/12/2018 SJ Lite Edition


---------------------
; Table of Contents ;
---------------------
  1. Legal Notice
  2. Flow Summary
  3. Flow Settings
  4. Flow Non-Default Global Settings
  5. Flow Elapsed Time
  6. Flow OS Summary
  7. Flow Log
  8. Flow Messages
  9. Flow Suppressed Messages



----------------
; Legal Notice ;
----------------
Copyright (C) 2018  Intel Corporation. All rights reserved.
Your use of Intel Corporation's design tools, logic functions 
and other software and tools, and its AMPP partner logic 
functions, and any output files from any of the foregoing 
(including device programming or simulation files), and any 
associated documentation or information are expressly subject 
to the terms and conditions of the Intel Program License 
Subscription Agreement, the Intel Quartus Prime License Agreement,
the Intel FPGA IP License Agreement, or other applicable license
agreement, including, without limitation, that your use is for
the sole purpose of programming logic devices manufactured by
Intel and sold by Intel or its authorized distributors.  Please
refer to the applicable agreement for further details.



+-------------------------------------------------------------------------------+
; Flow Summary                                                                  ;
+---------------------------------+---------------------------------------------+
; Flow Status                     ; Successful - Sun Nov  8 19:32:09 2020       ;
; Quartus Prime Version           ; 18.1.0 Build 625 09/12/2018 SJ Lite Edition ;
; Revision Name                   ; fpga_intro                                  ;
; Top-level Entity Name           ; DE0_Nano_SoC_top_level                      ;
; Family                          ; Cyclone V                                   ;
; Device                          ; 5CSEMA4U23C6                                ;
; Timing Models                   ; Final                                       ;
; Logic utilization (in ALMs)     ; 1,434 / 15,880 ( 9 % )                      ;
; Total registers                 ; 2108                                        ;
; Total pins                      ; 39 / 314 ( 12 % )                           ;
; Total virtual pins              ; 0                                           ;
; Total block memory bits         ; 1,112,320 / 2,764,800 ( 40 % )              ;
; Total DSP Blocks                ; 3 / 84 ( 4 % )                              ;
; Total HSSI RX PCSs              ; 0                                           ;
; Total HSSI PMA RX Deserializers ; 0                                           ;
; Total HSSI TX PCSs              ; 0                                           ;
; Total HSSI PMA TX Serializers   ; 0                                           ;
; Total PLLs                      ; 0 / 5 ( 0 % )                               ;
; Total DLLs                      ; 0 / 4 ( 0 % )                               ;
+---------------------------------+---------------------------------------------+


+-----------------------------------------+
; Flow Settings                           ;
+-------------------+---------------------+
; Option            ; Setting             ;
+-------------------+---------------------+
; Start date & time ; 11/08/2020 19:27:46 ;
; Main task         ; Compilation         ;
; Revision Name     ; fpga_intro          ;
+-------------------+---------------------+


+----------------------------------------------------------------------------------------------------------------------------------------+
; Flow Non-Default Global Settings                                                                                                       ;
+-------------------------------------+----------------------------------------+---------------+------------------------+----------------+
; Assignment Name                     ; Value                                  ; Default Value ; Entity Name            ; Section Id     ;
+-------------------------------------+----------------------------------------+---------------+------------------------+----------------+
; COMPILER_SIGNATURE_ID               ; 8796760118786.160486006603621          ; --            ; --                     ; --             ;
; EDA_OUTPUT_DATA_FORMAT              ; None                                   ; --            ; --                     ; eda_simulation ;
; EDA_TIME_SCALE                      ; 1 ps                                   ; --            ; --                     ; eda_simulation ;
; MAX_CORE_JUNCTION_TEMP              ; 85                                     ; --            ; --                     ; --             ;
; MIN_CORE_JUNCTION_TEMP              ; 0                                      ; --            ; --                     ; --             ;
; PARTITION_COLOR                     ; -- (Not supported for targeted family) ; --            ; DE0_Nano_SoC_top_level ; Top            ;
; PARTITION_FITTER_PRESERVATION_LEVEL ; -- (Not supported for targeted family) ; --            ; DE0_Nano_SoC_top_level ; Top            ;
; PARTITION_NETLIST_TYPE              ; -- (Not supported for targeted family) ; --            ; DE0_Nano_SoC_top_level ; Top            ;
; POWER_BOARD_THERMAL_MODEL           ; None (CONSERVATIVE)                    ; --            ; --                     ; --             ;
; POWER_PRESET_COOLING_SOLUTION       ; 23 MM HEAT SINK WITH 200 LFPM AIRFLOW  ; --            ; --                     ; --             ;
; PROJECT_OUTPUT_DIRECTORY            ; output_files                           ; --            ; --                     ; --             ;
; TOP_LEVEL_ENTITY                    ; DE0_Nano_SoC_top_level                 ; fpga_intro    ; --                     ; --             ;
+-------------------------------------+----------------------------------------+---------------+------------------------+----------------+


+--------------------------------------------------------------------------------------------------------------------------+
; Flow Elapsed Time                                                                                                        ;
+----------------------+--------------+-------------------------+---------------------+------------------------------------+
; Module Name          ; Elapsed Time ; Average Processors Used ; Peak Virtual Memory ; Total CPU Time (on all processors) ;
+----------------------+--------------+-------------------------+---------------------+------------------------------------+
; Analysis & Synthesis ; 00:01:28     ; 1.0                     ; 1213 MB             ; 00:01:40                           ;
; Fitter               ; 00:02:35     ; 1.1                     ; 2017 MB             ; 00:03:37                           ;
; Assembler            ; 00:00:10     ; 1.0                     ; 1025 MB             ; 00:00:10                           ;
; Timing Analyzer      ; 00:00:25     ; 1.5                     ; 1218 MB             ; 00:00:30                           ;
; Total                ; 00:04:38     ; --                      ; --                  ; 00:05:57                           ;
+----------------------+--------------+-------------------------+---------------------+------------------------------------+


+----------------------------------------------------------------------------------------+
; Flow OS Summary                                                                        ;
+----------------------+------------------+----------------+------------+----------------+
; Module Name          ; Machine Hostname ; OS Name        ; OS Version ; Processor type ;
+----------------------+------------------+----------------+------------+----------------+
; Analysis & Synthesis ; vm-VirtualBox    ; Ubuntu 18.04.1 ; 18         ; x86_64         ;
; Fitter               ; vm-VirtualBox    ; Ubuntu 18.04.1 ; 18         ; x86_64         ;
; Assembler            ; vm-VirtualBox    ; Ubuntu 18.04.1 ; 18         ; x86_64         ;
; Timing Analyzer      ; vm-VirtualBox    ; Ubuntu 18.04.1 ; 18         ; x86_64         ;
+----------------------+------------------+----------------+------------+----------------+


------------
; Flow Log ;
------------
quartus_map --read_settings_files=on --write_settings_files=off fpga_intro -c fpga_intro
quartus_fit --read_settings_files=off --write_settings_files=off fpga_intro -c fpga_intro
quartus_asm --read_settings_files=off --write_settings_files=off fpga_intro -c fpga_intro
quartus_sta fpga_intro -c fpga_intro



