Flow report for ES_mini_project_TRDB_D5M_LT24
Mon Jan  4 11:26:55 2021
Quartus Prime Version 18.1.0 Build 625 09/12/2018 SJ Lite Edition


---------------------
; Table of Contents ;
---------------------
  1. Legal Notice
  2. Flow Summary
  3. Flow Settings
  4. Flow Non-Default Global Settings
  5. Flow Elapsed Time
  6. Flow OS Summary
  7. Flow Log
  8. Flow Messages
  9. Flow Suppressed Messages



----------------
; Legal Notice ;
----------------
Copyright (C) 2018  Intel Corporation. All rights reserved.
Your use of Intel Corporation's design tools, logic functions 
and other software and tools, and its AMPP partner logic 
functions, and any output files from any of the foregoing 
(including device programming or simulation files), and any 
associated documentation or information are expressly subject 
to the terms and conditions of the Intel Program License 
Subscription Agreement, the Intel Quartus Prime License Agreement,
the Intel FPGA IP License Agreement, or other applicable license
agreement, including, without limitation, that your use is for
the sole purpose of programming logic devices manufactured by
Intel and sold by Intel or its authorized distributors.  Please
refer to the applicable agreement for further details.



+-------------------------------------------------------------------------------+
; Flow Summary                                                                  ;
+---------------------------------+---------------------------------------------+
; Flow Status                     ; Successful - Mon Jan  4 11:25:36 2021       ;
; Quartus Prime Version           ; 18.1.0 Build 625 09/12/2018 SJ Lite Edition ;
; Revision Name                   ; ES_mini_project_TRDB_D5M_LT24               ;
; Top-level Entity Name           ; DE0_Nano_SoC_TRDB_D5M_LT24_top_level        ;
; Family                          ; Cyclone V                                   ;
; Device                          ; 5CSEMA4U23C6                                ;
; Timing Models                   ; Final                                       ;
; Logic utilization (in ALMs)     ; 2,760 / 15,880 ( 17 % )                     ;
; Total registers                 ; 4095                                        ;
; Total pins                      ; 207 / 314 ( 66 % )                          ;
; Total virtual pins              ; 0                                           ;
; Total block memory bits         ; 1,123,968 / 2,764,800 ( 41 % )              ;
; Total DSP Blocks                ; 3 / 84 ( 4 % )                              ;
; Total HSSI RX PCSs              ; 0                                           ;
; Total HSSI PMA RX Deserializers ; 0                                           ;
; Total HSSI TX PCSs              ; 0                                           ;
; Total HSSI PMA TX Serializers   ; 0                                           ;
; Total PLLs                      ; 0 / 5 ( 0 % )                               ;
; Total DLLs                      ; 1 / 4 ( 25 % )                              ;
+---------------------------------+---------------------------------------------+


+---------------------------------------------------+
; Flow Settings                                     ;
+-------------------+-------------------------------+
; Option            ; Setting                       ;
+-------------------+-------------------------------+
; Start date & time ; 01/04/2021 11:19:16           ;
; Main task         ; Compilation                   ;
; Revision Name     ; ES_mini_project_TRDB_D5M_LT24 ;
+-------------------+-------------------------------+


+--------------------------------------------------------------------------------------------------------------------------------------------------------------------+
; Flow Non-Default Global Settings                                                                                                                                   ;
+---------------------------------------+----------------------------------------+-------------------------------+--------------------------------------+------------+
; Assignment Name                       ; Value                                  ; Default Value                 ; Entity Name                          ; Section Id ;
+---------------------------------------+----------------------------------------+-------------------------------+--------------------------------------+------------+
; COMPILER_SIGNATURE_ID                 ; 8796760118786.160975555405280          ; --                            ; --                                   ; --         ;
; ECO_REGENERATE_REPORT                 ; On                                     ; Off                           ; --                                   ; --         ;
; MISC_FILE                             ; ../vhdl/fifo_inst.vhd                  ; --                            ; --                                   ; --         ;
; MISC_FILE                             ; ../vhdl/fifo.cmp                       ; --                            ; --                                   ; --         ;
; PARTITION_COLOR                       ; -- (Not supported for targeted family) ; --                            ; DE0_Nano_SoC_TRDB_D5M_LT24_top_level ; Top        ;
; PARTITION_FITTER_PRESERVATION_LEVEL   ; -- (Not supported for targeted family) ; --                            ; DE0_Nano_SoC_TRDB_D5M_LT24_top_level ; Top        ;
; PARTITION_NETLIST_TYPE                ; -- (Not supported for targeted family) ; --                            ; DE0_Nano_SoC_TRDB_D5M_LT24_top_level ; Top        ;
; PROJECT_OUTPUT_DIRECTORY              ; output_files                           ; --                            ; --                                   ; --         ;
; TOP_LEVEL_ENTITY                      ; DE0_Nano_SoC_TRDB_D5M_LT24_top_level   ; ES_mini_project_TRDB_D5M_LT24 ; --                                   ; --         ;
; USE_DLL_FREQUENCY_FOR_DQS_DELAY_CHAIN ; On                                     ; Off                           ; --                                   ; --         ;
+---------------------------------------+----------------------------------------+-------------------------------+--------------------------------------+------------+


+--------------------------------------------------------------------------------------------------------------------------+
; Flow Elapsed Time                                                                                                        ;
+----------------------+--------------+-------------------------+---------------------+------------------------------------+
; Module Name          ; Elapsed Time ; Average Processors Used ; Peak Virtual Memory ; Total CPU Time (on all processors) ;
+----------------------+--------------+-------------------------+---------------------+------------------------------------+
; Analysis & Synthesis ; 00:02:39     ; 1.0                     ; 1509 MB             ; 00:03:17                           ;
; Fitter               ; 00:03:19     ; 1.1                     ; 2783 MB             ; 00:04:23                           ;
; Assembler            ; 00:00:11     ; 1.0                     ; 1061 MB             ; 00:00:11                           ;
; Timing Analyzer      ; 00:01:17     ; 1.3                     ; 1681 MB             ; 00:01:24                           ;
; Total                ; 00:07:26     ; --                      ; --                  ; 00:09:15                           ;
+----------------------+--------------+-------------------------+---------------------+------------------------------------+


+----------------------------------------------------------------------------------------+
; Flow OS Summary                                                                        ;
+----------------------+------------------+----------------+------------+----------------+
; Module Name          ; Machine Hostname ; OS Name        ; OS Version ; Processor type ;
+----------------------+------------------+----------------+------------+----------------+
; Analysis & Synthesis ; vm-VirtualBox    ; Ubuntu 18.04.1 ; 18         ; x86_64         ;
; Fitter               ; vm-VirtualBox    ; Ubuntu 18.04.1 ; 18         ; x86_64         ;
; Assembler            ; vm-VirtualBox    ; Ubuntu 18.04.1 ; 18         ; x86_64         ;
; Timing Analyzer      ; vm-VirtualBox    ; Ubuntu 18.04.1 ; 18         ; x86_64         ;
+----------------------+------------------+----------------+------------+----------------+


------------
; Flow Log ;
------------
quartus_map --read_settings_files=on --write_settings_files=off ES_mini_project_TRDB_D5M_LT24 -c ES_mini_project_TRDB_D5M_LT24
quartus_fit --read_settings_files=off --write_settings_files=off ES_mini_project_TRDB_D5M_LT24 -c ES_mini_project_TRDB_D5M_LT24
quartus_asm --read_settings_files=off --write_settings_files=off ES_mini_project_TRDB_D5M_LT24 -c ES_mini_project_TRDB_D5M_LT24
quartus_sta ES_mini_project_TRDB_D5M_LT24 -c ES_mini_project_TRDB_D5M_LT24



